<?xml version="1.0" encoding="UTF-8"?>
<testng-results skipped="0" failed="0" total="1" passed="1">
  <reporter-output>
  </reporter-output>
  <suite name="Suite" duration-ms="43648" started-at="2016-03-22T12:50:02Z" finished-at="2016-03-22T12:50:46Z">
    <groups>
    </groups>
    <test name="Test" duration-ms="43648" started-at="2016-03-22T12:50:02Z" finished-at="2016-03-22T12:50:46Z">
      <class name="jenkins.TEST">
        <test-method status="PASS" signature="setup()[pri:0, instance:jenkins.TEST@7bb11784]" name="setup" duration-ms="43608" started-at="2016-03-22T18:20:03Z" finished-at="2016-03-22T18:20:46Z">
          <reporter-output>
          </reporter-output>
        </test-method> <!-- setup -->
      </class> <!-- jenkins.TEST -->
    </test> <!-- Test -->
  </suite> <!-- Suite -->
</testng-results>
